#
# There is insufficient memory for the Java Runtime Environment to continue.
# Native memory allocation (malloc) failed to allocate 2116240 bytes for Chunk::new
# Possible reasons:
#   The system is out of physical RAM or swap space
#   The process is running with CompressedOops enabled, and the Java Heap may be blocking the growth of the native heap
# Possible solutions:
#   Reduce memory load on the system
#   Increase physical memory or swap space
#   Check if swap backing store is full
#   Decrease Java heap size (-Xmx/-Xms)
#   Decrease number of Java threads
#   Decrease Java thread stack sizes (-Xss)
#   Set larger code cache with -XX:ReservedCodeCacheSize=
#   JVM is running with Unscaled Compressed Oops mode in which the Java heap is
#     placed in the first 4GB address space. The Java Heap base address is the
#     maximum limit for the native heap growth. Please use -XX:HeapBaseMinAddress
#     to set the Java Heap base and to place the Java Heap above 4GB virtual address.
# This output file may be truncated or incomplete.
#
#  Out of Memory Error (arena.cpp:189), pid=524, tid=23392
#
# JRE version: OpenJDK Runtime Environment (17.0.6) (build 17.0.6+0-b2043.56-9586694)
# Java VM: OpenJDK 64-Bit Server VM (17.0.6+0-b2043.56-9586694, mixed mode, tiered, compressed oops, compressed class ptrs, g1 gc, windows-amd64)
# No core dump will be written. Minidumps are not enabled by default on client versions of Windows
#

---------------  S U M M A R Y ------------

Command Line: --add-opens=java.base/java.util=ALL-UNNAMED --add-opens=java.base/java.lang=ALL-UNNAMED --add-opens=java.base/java.lang.invoke=ALL-UNNAMED --add-opens=java.prefs/java.util.prefs=ALL-UNNAMED --add-opens=java.base/java.nio.charset=ALL-UNNAMED --add-opens=java.base/java.net=ALL-UNNAMED --add-opens=java.base/java.util.concurrent.atomic=ALL-UNNAMED -Xmx2048m -Dfile.encoding=UTF-8 -Duser.country=US -Duser.language=en -Duser.variant org.gradle.launcher.daemon.bootstrap.GradleDaemon 8.0

Host: Intel(R) Core(TM) i5-1035G1 CPU @ 1.00GHz, 8 cores, 7G,  Windows 11 , 64 bit Build 22621 (10.0.22621.1778)
Time: Thu Jun 22 12:50:22 2023 India Standard Time elapsed time: 10.661106 seconds (0d 0h 0m 10s)

---------------  T H R E A D  ---------------

Current thread (0x0000019f19e40ad0):  JavaThread "C2 CompilerThread1" daemon [_thread_in_native, id=23392, stack(0x0000008b08300000,0x0000008b08400000)]


Current CompileTask:
C2:  10661 5824       4       org.objectweb.asm.Frame::execute (2318 bytes)

Stack: [0x0000008b08300000,0x0000008b08400000]
Native frames: (J=compiled Java code, j=interpreted, Vv=VM code, C=native code)
V  [jvm.dll+0x683b4a]
V  [jvm.dll+0x842654]
V  [jvm.dll+0x843dfe]
V  [jvm.dll+0x844463]
V  [jvm.dll+0x249b75]
V  [jvm.dll+0xabcac]
V  [jvm.dll+0xac27c]
V  [jvm.dll+0x368857]
V  [jvm.dll+0x332f31]
V  [jvm.dll+0x3323da]
V  [jvm.dll+0x21c201]
V  [jvm.dll+0x21b621]
V  [jvm.dll+0x1a4fdd]
V  [jvm.dll+0x22b098]
V  [jvm.dll+0x229159]
V  [jvm.dll+0x7f809c]
V  [jvm.dll+0x7f25fa]
V  [jvm.dll+0x682985]
C  [ucrtbase.dll+0x29363]
C  [KERNEL32.DLL+0x126ad]
C  [ntdll.dll+0x5a9f8]


---------------  P R O C E S S  ---------------

Threads class SMR info:
_java_thread_list=0x0000019f182e6480, length=125, elements={
0x0000019f79b8a280, 0x0000019f13a60f10, 0x0000019f13a61ac0, 0x0000019f13a89400,
0x0000019f14430000, 0x0000019f14430bb0, 0x0000019f14433570, 0x0000019f14434250,
0x0000019f14437510, 0x0000019f14437f00, 0x0000019f145d60e0, 0x0000019f145d65b0,
0x0000019f1717af90, 0x0000019f16bd87e0, 0x0000019f16f4c430, 0x0000019f1536a4b0,
0x0000019f1527ce20, 0x0000019f15c6c950, 0x0000019f155ac360, 0x0000019f15fa6f00,
0x0000019f15fa5220, 0x0000019f15fa56f0, 0x0000019f15fa4880, 0x0000019f15fa78a0,
0x0000019f15fa7d70, 0x0000019f15fa4d50, 0x0000019f15fa8240, 0x0000019f15fa6560,
0x0000019f15fa6090, 0x0000019f15fa6a30, 0x0000019f15fa73d0, 0x0000019f1805da30,
0x0000019f1805aa10, 0x0000019f1805aee0, 0x0000019f18057ec0, 0x0000019f18059ba0,
0x0000019f1805d560, 0x0000019f180596d0, 0x0000019f18058d30, 0x0000019f19e40ad0,
0x0000019f1805b880, 0x0000019f18057050, 0x0000019f1805c6f0, 0x0000019f1805e3d0,
0x0000019f1805cbc0, 0x0000019f1805df00, 0x0000019f1805e8a0, 0x0000019f18057520,
0x0000019f180579f0, 0x0000019f16f15230, 0x0000019f16f13550, 0x0000019f16f14d60,
0x0000019f16f178b0, 0x0000019f16f13a20, 0x0000019f16f113a0, 0x0000019f16f11870,
0x0000019f16f15700, 0x0000019f16f16a40, 0x0000019f16f11d40, 0x0000019f16f16570,
0x0000019f16f13080, 0x0000019f16f13ef0, 0x0000019f16f12210, 0x0000019f16f10ed0,
0x0000019f16f10530, 0x0000019f16f126e0, 0x0000019f16f143c0, 0x0000019f16f16f10,
0x0000019f16f15bd0, 0x0000019f16f10060, 0x0000019f16f14890, 0x0000019f16f12bb0,
0x0000019f16f160a0, 0x0000019f16f173e0, 0x0000019f16f10a00, 0x0000019f17b63f80,
0x0000019f17b635e0, 0x0000019f17b61430, 0x0000019f17b64450, 0x0000019f17b64df0,
0x0000019f17b605c0, 0x0000019f17b66130, 0x0000019f17b63110, 0x0000019f17b66ad0,
0x0000019f17b61900, 0x0000019f17b67940, 0x0000019f17b63ab0, 0x0000019f17b61dd0,
0x0000019f17b62c40, 0x0000019f17b66fa0, 0x0000019f17b652c0, 0x0000019f17b64920,
0x0000019f17b67470, 0x0000019f17b65790, 0x0000019f17b60a90, 0x0000019f17b622a0,
0x0000019f17b65c60, 0x0000019f17b600f0, 0x0000019f17b66600, 0x0000019f17b60f60,
0x0000019f17b62770, 0x0000019f19f21680, 0x0000019f19f21b50, 0x0000019f19f1f000,
0x0000019f19f1f9a0, 0x0000019f19f1e190, 0x0000019f19f20ce0, 0x0000019f19f1f4d0,
0x0000019f19f20810, 0x0000019f19f211b0, 0x0000019f19f1e660, 0x0000019f19f1eb30,
0x0000019f19f1fe70, 0x0000019f19f20340, 0x0000019f1a450920, 0x0000019f1a44a8e0,
0x0000019f1a450df0, 0x0000019f1a4495a0, 0x0000019f1a44cf60, 0x0000019f1a44ec40,
0x0000019f1a44e770, 0x0000019f1a44adb0, 0x0000019f1a44b280, 0x0000019f1a44f110,
0x0000019f1a44f5e0
}

Java Threads: ( => current thread )
  0x0000019f79b8a280 JavaThread "main" [_thread_blocked, id=18352, stack(0x0000008b05b00000,0x0000008b05c00000)]
  0x0000019f13a60f10 JavaThread "Reference Handler" daemon [_thread_blocked, id=4564, stack(0x0000008b06200000,0x0000008b06300000)]
  0x0000019f13a61ac0 JavaThread "Finalizer" daemon [_thread_blocked, id=1444, stack(0x0000008b06300000,0x0000008b06400000)]
  0x0000019f13a89400 JavaThread "Signal Dispatcher" daemon [_thread_blocked, id=2480, stack(0x0000008b06400000,0x0000008b06500000)]
  0x0000019f14430000 JavaThread "Attach Listener" daemon [_thread_blocked, id=1828, stack(0x0000008b06500000,0x0000008b06600000)]
  0x0000019f14430bb0 JavaThread "Service Thread" daemon [_thread_blocked, id=13192, stack(0x0000008b06600000,0x0000008b06700000)]
  0x0000019f14433570 JavaThread "Monitor Deflation Thread" daemon [_thread_blocked, id=9664, stack(0x0000008b06700000,0x0000008b06800000)]
  0x0000019f14434250 JavaThread "C2 CompilerThread0" daemon [_thread_in_native, id=12688, stack(0x0000008b06800000,0x0000008b06900000)]
  0x0000019f14437510 JavaThread "C1 CompilerThread0" daemon [_thread_in_native, id=888, stack(0x0000008b06900000,0x0000008b06a00000)]
  0x0000019f14437f00 JavaThread "Sweeper thread" daemon [_thread_blocked, id=19944, stack(0x0000008b06a00000,0x0000008b06b00000)]
  0x0000019f145d60e0 JavaThread "Common-Cleaner" daemon [_thread_blocked, id=1148, stack(0x0000008b06b00000,0x0000008b06c00000)]
  0x0000019f145d65b0 JavaThread "Notification Thread" daemon [_thread_blocked, id=13324, stack(0x0000008b06c00000,0x0000008b06d00000)]
  0x0000019f1717af90 JavaThread "Daemon health stats" [_thread_blocked, id=18404, stack(0x0000008b07300000,0x0000008b07400000)]
  0x0000019f16bd87e0 JavaThread "Incoming local TCP Connector on port 53560" [_thread_in_native, id=12544, stack(0x0000008b06e00000,0x0000008b06f00000)]
  0x0000019f16f4c430 JavaThread "Daemon periodic checks" [_thread_blocked, id=21092, stack(0x0000008b07400000,0x0000008b07500000)]
  0x0000019f1536a4b0 JavaThread "Daemon" [_thread_blocked, id=6260, stack(0x0000008b07600000,0x0000008b07700000)]
  0x0000019f1527ce20 JavaThread "Handler for socket connection from /127.0.0.1:53560 to /127.0.0.1:53561" [_thread_in_native, id=12176, stack(0x0000008b07700000,0x0000008b07800000)]
  0x0000019f15c6c950 JavaThread "Cancel handler" [_thread_blocked, id=7964, stack(0x0000008b07800000,0x0000008b07900000)]
  0x0000019f155ac360 JavaThread "Daemon worker" [_thread_in_vm, id=22472, stack(0x0000008b07900000,0x0000008b07a00000)]
  0x0000019f15fa6f00 JavaThread "Asynchronous log dispatcher for DefaultDaemonConnection: socket connection from /127.0.0.1:53560 to /127.0.0.1:53561" [_thread_blocked, id=8528, stack(0x0000008b07a00000,0x0000008b07b00000)]
  0x0000019f15fa5220 JavaThread "Stdin handler" [_thread_blocked, id=5932, stack(0x0000008b07b00000,0x0000008b07c00000)]
  0x0000019f15fa56f0 JavaThread "Daemon client event forwarder" [_thread_blocked, id=7740, stack(0x0000008b07c00000,0x0000008b07d00000)]
  0x0000019f15fa4880 JavaThread "Cache worker for journal cache (C:\Users\Reliance\.gradle\caches\journal-1)" [_thread_blocked, id=14428, stack(0x0000008b08000000,0x0000008b08100000)]
  0x0000019f15fa78a0 JavaThread "File lock request listener" [_thread_in_native, id=14892, stack(0x0000008b08100000,0x0000008b08200000)]
  0x0000019f15fa7d70 JavaThread "Cache worker for file hash cache (C:\Users\Reliance\.gradle\caches\8.0\fileHashes)" [_thread_blocked, id=8892, stack(0x0000008b08200000,0x0000008b08300000)]
  0x0000019f15fa4d50 JavaThread "File watcher server" daemon [_thread_in_native, id=12996, stack(0x0000008b08400000,0x0000008b08500000)]
  0x0000019f15fa8240 JavaThread "File watcher consumer" daemon [_thread_blocked, id=5640, stack(0x0000008b08500000,0x0000008b08600000)]
  0x0000019f15fa6560 JavaThread "Cache worker for checksums cache (B:\Users\Pulak\Android Projects\JobPe\.gradle\8.0\checksums)" [_thread_blocked, id=10304, stack(0x0000008b08600000,0x0000008b08700000)]
  0x0000019f15fa6090 JavaThread "Cache worker for cache directory md-rule (C:\Users\Reliance\.gradle\caches\8.0\md-rule)" [_thread_blocked, id=2648, stack(0x0000008b08700000,0x0000008b08800000)]
  0x0000019f15fa6a30 JavaThread "Cache worker for file content cache (C:\Users\Reliance\.gradle\caches\8.0\fileContent)" [_thread_blocked, id=12896, stack(0x0000008b08800000,0x0000008b08900000)]
  0x0000019f15fa73d0 JavaThread "Cache worker for file hash cache (B:\Users\Pulak\Android Projects\JobPe\.gradle\8.0\fileHashes)" [_thread_blocked, id=17176, stack(0x0000008b08900000,0x0000008b08a00000)]
  0x0000019f1805da30 JavaThread "Cache worker for cache directory md-supplier (C:\Users\Reliance\.gradle\caches\8.0\md-supplier)" [_thread_blocked, id=3812, stack(0x0000008b08a00000,0x0000008b08b00000)]
  0x0000019f1805aa10 JavaThread "Cache worker for execution history cache (C:\Users\Reliance\.gradle\caches\8.0\executionHistory)" [_thread_blocked, id=18684, stack(0x0000008b08b00000,0x0000008b08c00000)]
  0x0000019f1805aee0 JavaThread "jar transforms" [_thread_blocked, id=8056, stack(0x0000008b08c00000,0x0000008b08d00000)]
  0x0000019f18057ec0 JavaThread "jar transforms Thread 2" [_thread_blocked, id=23476, stack(0x0000008b08d00000,0x0000008b08e00000)]
  0x0000019f18059ba0 JavaThread "jar transforms Thread 3" [_thread_blocked, id=16372, stack(0x0000008b08f00000,0x0000008b09000000)]
  0x0000019f1805d560 JavaThread "jar transforms Thread 4" [_thread_blocked, id=11212, stack(0x0000008b09000000,0x0000008b09100000)]
  0x0000019f180596d0 JavaThread "Cache worker for dependencies-accessors (B:\Users\Pulak\Android Projects\JobPe\.gradle\8.0\dependencies-accessors)" [_thread_blocked, id=532, stack(0x0000008b09100000,0x0000008b09200000)]
  0x0000019f18058d30 JavaThread "jar transforms Thread 5" [_thread_blocked, id=848, stack(0x0000008b09200000,0x0000008b09300000)]
=>0x0000019f19e40ad0 JavaThread "C2 CompilerThread1" daemon [_thread_in_native, id=23392, stack(0x0000008b08300000,0x0000008b08400000)]
  0x0000019f1805b880 JavaThread "Cache worker for Build Output Cleanup Cache (B:\Users\Pulak\Android Projects\JobPe\.gradle\buildOutputCleanup)" [_thread_blocked, id=3088, stack(0x0000008b09300000,0x0000008b09400000)]
  0x0000019f18057050 JavaThread "Unconstrained build operations" [_thread_blocked, id=13544, stack(0x0000008b09400000,0x0000008b09500000)]
  0x0000019f1805c6f0 JavaThread "Unconstrained build operations Thread 2" [_thread_blocked, id=16500, stack(0x0000008b09500000,0x0000008b09600000)]
  0x0000019f1805e3d0 JavaThread "Unconstrained build operations Thread 3" [_thread_blocked, id=20116, stack(0x0000008b09600000,0x0000008b09700000)]
  0x0000019f1805cbc0 JavaThread "Unconstrained build operations Thread 4" [_thread_blocked, id=16960, stack(0x0000008b09700000,0x0000008b09800000)]
  0x0000019f1805df00 JavaThread "Unconstrained build operations Thread 5" [_thread_blocked, id=18480, stack(0x0000008b09800000,0x0000008b09900000)]
  0x0000019f1805e8a0 JavaThread "Unconstrained build operations Thread 6" [_thread_blocked, id=17832, stack(0x0000008b09900000,0x0000008b09a00000)]
  0x0000019f18057520 JavaThread "Unconstrained build operations Thread 7" [_thread_blocked, id=21916, stack(0x0000008b09a00000,0x0000008b09b00000)]
  0x0000019f180579f0 JavaThread "Unconstrained build operations Thread 8" [_thread_blocked, id=21768, stack(0x0000008b09b00000,0x0000008b09c00000)]
  0x0000019f16f15230 JavaThread "Unconstrained build operations Thread 9" [_thread_blocked, id=17232, stack(0x0000008b09c00000,0x0000008b09d00000)]
  0x0000019f16f13550 JavaThread "Unconstrained build operations Thread 10" [_thread_blocked, id=20520, stack(0x0000008b09d00000,0x0000008b09e00000)]
  0x0000019f16f14d60 JavaThread "Unconstrained build operations Thread 11" [_thread_blocked, id=7904, stack(0x0000008b09e00000,0x0000008b09f00000)]
  0x0000019f16f178b0 JavaThread "Unconstrained build operations Thread 12" [_thread_blocked, id=10792, stack(0x0000008b09f00000,0x0000008b0a000000)]
  0x0000019f16f13a20 JavaThread "Unconstrained build operations Thread 13" [_thread_blocked, id=3336, stack(0x0000008b0a000000,0x0000008b0a100000)]
  0x0000019f16f113a0 JavaThread "Unconstrained build operations Thread 14" [_thread_blocked, id=18556, stack(0x0000008b0a100000,0x0000008b0a200000)]
  0x0000019f16f11870 JavaThread "Unconstrained build operations Thread 15" [_thread_blocked, id=22992, stack(0x0000008b0a200000,0x0000008b0a300000)]
  0x0000019f16f15700 JavaThread "Unconstrained build operations Thread 16" [_thread_blocked, id=13028, stack(0x0000008b0a300000,0x0000008b0a400000)]
  0x0000019f16f16a40 JavaThread "Unconstrained build operations Thread 17" [_thread_blocked, id=11424, stack(0x0000008b0a400000,0x0000008b0a500000)]
  0x0000019f16f11d40 JavaThread "Unconstrained build operations Thread 18" [_thread_blocked, id=10048, stack(0x0000008b0a500000,0x0000008b0a600000)]
  0x0000019f16f16570 JavaThread "Unconstrained build operations Thread 19" [_thread_blocked, id=19448, stack(0x0000008b0a600000,0x0000008b0a700000)]
  0x0000019f16f13080 JavaThread "Unconstrained build operations Thread 20" [_thread_blocked, id=14828, stack(0x0000008b0a700000,0x0000008b0a800000)]
  0x0000019f16f13ef0 JavaThread "Unconstrained build operations Thread 21" [_thread_blocked, id=4172, stack(0x0000008b0a800000,0x0000008b0a900000)]
  0x0000019f16f12210 JavaThread "Unconstrained build operations Thread 22" [_thread_blocked, id=10380, stack(0x0000008b0a900000,0x0000008b0aa00000)]
  0x0000019f16f10ed0 JavaThread "Unconstrained build operations Thread 23" [_thread_blocked, id=9832, stack(0x0000008b0aa00000,0x0000008b0ab00000)]
  0x0000019f16f10530 JavaThread "Unconstrained build operations Thread 24" [_thread_blocked, id=11440, stack(0x0000008b0ab00000,0x0000008b0ac00000)]
  0x0000019f16f126e0 JavaThread "Unconstrained build operations Thread 25" [_thread_blocked, id=10448, stack(0x0000008b0ac00000,0x0000008b0ad00000)]
  0x0000019f16f143c0 JavaThread "Unconstrained build operations Thread 26" [_thread_blocked, id=22352, stack(0x0000008b0ad00000,0x0000008b0ae00000)]
  0x0000019f16f16f10 JavaThread "Unconstrained build operations Thread 27" [_thread_blocked, id=16300, stack(0x0000008b0ae00000,0x0000008b0af00000)]
  0x0000019f16f15bd0 JavaThread "Unconstrained build operations Thread 28" [_thread_blocked, id=12760, stack(0x0000008b0af00000,0x0000008b0b000000)]
  0x0000019f16f10060 JavaThread "Unconstrained build operations Thread 29" [_thread_blocked, id=1568, stack(0x0000008b0b000000,0x0000008b0b100000)]
  0x0000019f16f14890 JavaThread "Unconstrained build operations Thread 30" [_thread_blocked, id=15456, stack(0x0000008b0b100000,0x0000008b0b200000)]
  0x0000019f16f12bb0 JavaThread "Unconstrained build operations Thread 31" [_thread_blocked, id=6956, stack(0x0000008b0b200000,0x0000008b0b300000)]
  0x0000019f16f160a0 JavaThread "Unconstrained build operations Thread 32" [_thread_blocked, id=18780, stack(0x0000008b0b300000,0x0000008b0b400000)]
  0x0000019f16f173e0 JavaThread "Unconstrained build operations Thread 33" [_thread_blocked, id=14968, stack(0x0000008b0b400000,0x0000008b0b500000)]
  0x0000019f16f10a00 JavaThread "Unconstrained build operations Thread 34" [_thread_blocked, id=14596, stack(0x0000008b0b500000,0x0000008b0b600000)]
  0x0000019f17b63f80 JavaThread "Unconstrained build operations Thread 35" [_thread_blocked, id=12720, stack(0x0000008b0b600000,0x0000008b0b700000)]
  0x0000019f17b635e0 JavaThread "Unconstrained build operations Thread 36" [_thread_blocked, id=14372, stack(0x0000008b0b700000,0x0000008b0b800000)]
  0x0000019f17b61430 JavaThread "Unconstrained build operations Thread 37" [_thread_blocked, id=23300, stack(0x0000008b0b800000,0x0000008b0b900000)]
  0x0000019f17b64450 JavaThread "Unconstrained build operations Thread 38" [_thread_blocked, id=12396, stack(0x0000008b0b900000,0x0000008b0ba00000)]
  0x0000019f17b64df0 JavaThread "Unconstrained build operations Thread 39" [_thread_blocked, id=2988, stack(0x0000008b0ba00000,0x0000008b0bb00000)]
  0x0000019f17b605c0 JavaThread "Unconstrained build operations Thread 40" [_thread_blocked, id=21708, stack(0x0000008b0bb00000,0x0000008b0bc00000)]
  0x0000019f17b66130 JavaThread "Unconstrained build operations Thread 41" [_thread_blocked, id=12360, stack(0x0000008b0bc00000,0x0000008b0bd00000)]
  0x0000019f17b63110 JavaThread "Unconstrained build operations Thread 42" [_thread_blocked, id=3160, stack(0x0000008b0bd00000,0x0000008b0be00000)]
  0x0000019f17b66ad0 JavaThread "Unconstrained build operations Thread 43" [_thread_blocked, id=16636, stack(0x0000008b0be00000,0x0000008b0bf00000)]
  0x0000019f17b61900 JavaThread "Unconstrained build operations Thread 44" [_thread_blocked, id=11088, stack(0x0000008b0bf00000,0x0000008b0c000000)]
  0x0000019f17b67940 JavaThread "Unconstrained build operations Thread 45" [_thread_blocked, id=6796, stack(0x0000008b0c000000,0x0000008b0c100000)]
  0x0000019f17b63ab0 JavaThread "Unconstrained build operations Thread 46" [_thread_blocked, id=23000, stack(0x0000008b0c100000,0x0000008b0c200000)]
  0x0000019f17b61dd0 JavaThread "Unconstrained build operations Thread 47" [_thread_blocked, id=20540, stack(0x0000008b0c200000,0x0000008b0c300000)]
  0x0000019f17b62c40 JavaThread "Unconstrained build operations Thread 48" [_thread_blocked, id=18548, stack(0x0000008b0c300000,0x0000008b0c400000)]
  0x0000019f17b66fa0 JavaThread "Unconstrained build operations Thread 49" [_thread_blocked, id=8160, stack(0x0000008b0c400000,0x0000008b0c500000)]
  0x0000019f17b652c0 JavaThread "Unconstrained build operations Thread 50" [_thread_blocked, id=8940, stack(0x0000008b0c500000,0x0000008b0c600000)]
  0x0000019f17b64920 JavaThread "Unconstrained build operations Thread 51" [_thread_blocked, id=5368, stack(0x0000008b0c600000,0x0000008b0c700000)]
  0x0000019f17b67470 JavaThread "Unconstrained build operations Thread 52" [_thread_blocked, id=9440, stack(0x0000008b0c700000,0x0000008b0c800000)]
  0x0000019f17b65790 JavaThread "Unconstrained build operations Thread 53" [_thread_blocked, id=21100, stack(0x0000008b0c800000,0x0000008b0c900000)]
  0x0000019f17b60a90 JavaThread "Unconstrained build operations Thread 54" [_thread_blocked, id=14224, stack(0x0000008b0c900000,0x0000008b0ca00000)]
  0x0000019f17b622a0 JavaThread "Unconstrained build operations Thread 55" [_thread_blocked, id=19512, stack(0x0000008b0ca00000,0x0000008b0cb00000)]
  0x0000019f17b65c60 JavaThread "Unconstrained build operations Thread 56" [_thread_blocked, id=14868, stack(0x0000008b0cb00000,0x0000008b0cc00000)]
  0x0000019f17b600f0 JavaThread "Unconstrained build operations Thread 57" [_thread_blocked, id=3944, stack(0x0000008b0cc00000,0x0000008b0cd00000)]
  0x0000019f17b66600 JavaThread "Unconstrained build operations Thread 58" [_thread_blocked, id=3332, stack(0x0000008b0cd00000,0x0000008b0ce00000)]
  0x0000019f17b60f60 JavaThread "Unconstrained build operations Thread 59" [_thread_blocked, id=7600, stack(0x0000008b0ce00000,0x0000008b0cf00000)]
  0x0000019f17b62770 JavaThread "Unconstrained build operations Thread 60" [_thread_blocked, id=22028, stack(0x0000008b0cf00000,0x0000008b0d000000)]
  0x0000019f19f21680 JavaThread "Unconstrained build operations Thread 61" [_thread_blocked, id=14248, stack(0x0000008b0d000000,0x0000008b0d100000)]
  0x0000019f19f21b50 JavaThread "Unconstrained build operations Thread 62" [_thread_blocked, id=4768, stack(0x0000008b0d100000,0x0000008b0d200000)]
  0x0000019f19f1f000 JavaThread "Unconstrained build operations Thread 63" [_thread_blocked, id=9348, stack(0x0000008b0d200000,0x0000008b0d300000)]
  0x0000019f19f1f9a0 JavaThread "Unconstrained build operations Thread 64" [_thread_blocked, id=18484, stack(0x0000008b0d300000,0x0000008b0d400000)]
  0x0000019f19f1e190 JavaThread "Unconstrained build operations Thread 65" [_thread_blocked, id=1084, stack(0x0000008b0d400000,0x0000008b0d500000)]
  0x0000019f19f20ce0 JavaThread "Unconstrained build operations Thread 66" [_thread_blocked, id=11216, stack(0x0000008b0d500000,0x0000008b0d600000)]
  0x0000019f19f1f4d0 JavaThread "Unconstrained build operations Thread 67" [_thread_blocked, id=21992, stack(0x0000008b0d600000,0x0000008b0d700000)]
  0x0000019f19f20810 JavaThread "Unconstrained build operations Thread 68" [_thread_blocked, id=7872, stack(0x0000008b0d700000,0x0000008b0d800000)]
  0x0000019f19f211b0 JavaThread "Unconstrained build operations Thread 69" [_thread_blocked, id=16260, stack(0x0000008b0d800000,0x0000008b0d900000)]
  0x0000019f19f1e660 JavaThread "Unconstrained build operations Thread 70" [_thread_blocked, id=20800, stack(0x0000008b0d900000,0x0000008b0da00000)]
  0x0000019f19f1eb30 JavaThread "Unconstrained build operations Thread 71" [_thread_blocked, id=10580, stack(0x0000008b0da00000,0x0000008b0db00000)]
  0x0000019f19f1fe70 JavaThread "Unconstrained build operations Thread 72" [_thread_blocked, id=16892, stack(0x0000008b0db00000,0x0000008b0dc00000)]
  0x0000019f19f20340 JavaThread "Unconstrained build operations Thread 73" [_thread_blocked, id=21052, stack(0x0000008b0dc00000,0x0000008b0dd00000)]
  0x0000019f1a450920 JavaThread "Unconstrained build operations Thread 74" [_thread_blocked, id=648, stack(0x0000008b0dd00000,0x0000008b0de00000)]
  0x0000019f1a44a8e0 JavaThread "Unconstrained build operations Thread 75" [_thread_blocked, id=10508, stack(0x0000008b0de00000,0x0000008b0df00000)]
  0x0000019f1a450df0 JavaThread "Unconstrained build operations Thread 76" [_thread_blocked, id=22220, stack(0x0000008b0df00000,0x0000008b0e000000)]
  0x0000019f1a4495a0 JavaThread "Unconstrained build operations Thread 77" [_thread_blocked, id=15980, stack(0x0000008b0e000000,0x0000008b0e100000)]
  0x0000019f1a44cf60 JavaThread "Unconstrained build operations Thread 78" [_thread_blocked, id=20348, stack(0x0000008b0e100000,0x0000008b0e200000)]
  0x0000019f1a44ec40 JavaThread "Unconstrained build operations Thread 79" [_thread_blocked, id=3996, stack(0x0000008b0e200000,0x0000008b0e300000)]
  0x0000019f1a44e770 JavaThread "Unconstrained build operations Thread 80" [_thread_blocked, id=3788, stack(0x0000008b0e300000,0x0000008b0e400000)]
  0x0000019f1a44adb0 JavaThread "jar transforms Thread 6" [_thread_blocked, id=5296, stack(0x0000008b0e400000,0x0000008b0e500000)]
  0x0000019f1a44b280 JavaThread "jar transforms Thread 7" [_thread_blocked, id=13148, stack(0x0000008b0e500000,0x0000008b0e600000)]
  0x0000019f1a44f110 JavaThread "jar transforms Thread 8" [_thread_blocked, id=16556, stack(0x0000008b0e600000,0x0000008b0e700000)]
  0x0000019f1a44f5e0 JavaThread "build event listener" [_thread_blocked, id=15528, stack(0x0000008b0e700000,0x0000008b0e800000)]

Other Threads:
  0x0000019f13a5ec40 VMThread "VM Thread" [stack: 0x0000008b06100000,0x0000008b06200000] [id=2276]
  0x0000019f145d3db0 WatcherThread [stack: 0x0000008b06d00000,0x0000008b06e00000] [id=6044]
  0x0000019f79be63d0 GCTaskThread "GC Thread#0" [stack: 0x0000008b05c00000,0x0000008b05d00000] [id=14904]
  0x0000019f14c358c0 GCTaskThread "GC Thread#1" [stack: 0x0000008b06f00000,0x0000008b07000000] [id=18336]
  0x0000019f14fa9850 GCTaskThread "GC Thread#2" [stack: 0x0000008b07000000,0x0000008b07100000] [id=20880]
  0x0000019f14923230 GCTaskThread "GC Thread#3" [stack: 0x0000008b07100000,0x0000008b07200000] [id=18136]
  0x0000019f15b6fe70 GCTaskThread "GC Thread#4" [stack: 0x0000008b07200000,0x0000008b07300000] [id=8504]
  0x0000019f1558c950 GCTaskThread "GC Thread#5" [stack: 0x0000008b07500000,0x0000008b07600000] [id=9796]
  0x0000019f171709d0 GCTaskThread "GC Thread#6" [stack: 0x0000008b07d00000,0x0000008b07e00000] [id=21628]
  0x0000019f169cc340 GCTaskThread "GC Thread#7" [stack: 0x0000008b07e00000,0x0000008b07f00000] [id=20096]
  0x0000019f79bf7470 ConcurrentGCThread "G1 Main Marker" [stack: 0x0000008b05d00000,0x0000008b05e00000] [id=11752]
  0x0000019f79bf8620 ConcurrentGCThread "G1 Conc#0" [stack: 0x0000008b05e00000,0x0000008b05f00000] [id=20956]
  0x0000019f16d7e3e0 ConcurrentGCThread "G1 Conc#1" [stack: 0x0000008b07f00000,0x0000008b08000000] [id=10948]
  0x0000019f79c4e7b0 ConcurrentGCThread "G1 Refine#0" [stack: 0x0000008b05f00000,0x0000008b06000000] [id=22952]
  0x0000019f18848240 ConcurrentGCThread "G1 Refine#1" [stack: 0x0000008b08e00000,0x0000008b08f00000] [id=2820]
  0x0000019f138c55e0 ConcurrentGCThread "G1 Service" [stack: 0x0000008b06000000,0x0000008b06100000] [id=16908]

Threads with active compile tasks:
C2 CompilerThread0    10707 5953   !   4       jdk.internal.loader.BuiltinClassLoader::loadClassOrNull (143 bytes)
C2 CompilerThread1    10707 5824       4       org.objectweb.asm.Frame::execute (2318 bytes)

VM state: not at safepoint (normal execution)

VM Mutex/Monitor currently owned by a thread: None

Heap address: 0x0000000080000000, size: 2048 MB, Compressed Oops mode: 32-bit

CDS archive(s) not mapped
Compressed class space mapped at: 0x0000000100000000-0x0000000140000000, reserved size: 1073741824
Narrow klass base: 0x0000000000000000, Narrow klass shift: 3, Narrow klass range: 0x140000000

GC Precious Log:
 CPUs: 8 total, 8 available
 Memory: 7973M
 Large Page Support: Disabled
 NUMA Support: Disabled
 Compressed Oops: Enabled (32-bit)
 Heap Region Size: 1M
 Heap Min Capacity: 8M
 Heap Initial Capacity: 126M
 Heap Max Capacity: 2G
 Pre-touch: Disabled
 Parallel Workers: 8
 Concurrent Workers: 2
 Concurrent Refinement Workers: 8
 Periodic GC: Disabled

Heap:
 garbage-first heap   total 86016K, used 58500K [0x0000000080000000, 0x0000000100000000)
  region size 1024K, 13 young (13312K), 1 survivors (1024K)
 Metaspace       used 58881K, committed 59392K, reserved 1105920K
  class space    used 7723K, committed 7936K, reserved 1048576K

Heap Regions: E=young(eden), S=young(survivor), O=old, HS=humongous(starts), HC=humongous(continues), CS=collection set, F=free, OA=open archive, CA=closed archive, TAMS=top-at-mark-start (previous, next)
|   0|0x0000000080000000, 0x0000000080100000, 0x0000000080100000|100%|HS|  |TAMS 0x0000000080100000, 0x0000000080000000| Complete 
|   1|0x0000000080100000, 0x0000000080200000, 0x0000000080200000|100%|HC|  |TAMS 0x0000000080200000, 0x0000000080100000| Complete 
|   2|0x0000000080200000, 0x0000000080300000, 0x0000000080300000|100%|HC|  |TAMS 0x0000000080300000, 0x0000000080200000| Complete 
|   3|0x0000000080300000, 0x0000000080400000, 0x0000000080400000|100%|HC|  |TAMS 0x0000000080400000, 0x0000000080300000| Complete 
|   4|0x0000000080400000, 0x0000000080500000, 0x0000000080500000|100%| O|  |TAMS 0x0000000080500000, 0x0000000080400000| Untracked 
|   5|0x0000000080500000, 0x0000000080600000, 0x0000000080600000|100%| O|  |TAMS 0x0000000080600000, 0x0000000080500000| Untracked 
|   6|0x0000000080600000, 0x0000000080700000, 0x0000000080700000|100%| O|  |TAMS 0x0000000080700000, 0x0000000080600000| Untracked 
|   7|0x0000000080700000, 0x0000000080800000, 0x0000000080800000|100%| O|  |TAMS 0x0000000080800000, 0x0000000080700000| Untracked 
|   8|0x0000000080800000, 0x0000000080900000, 0x0000000080900000|100%| O|  |TAMS 0x0000000080900000, 0x0000000080800000| Untracked 
|   9|0x0000000080900000, 0x0000000080a00000, 0x0000000080a00000|100%| O|  |TAMS 0x0000000080a00000, 0x0000000080900000| Untracked 
|  10|0x0000000080a00000, 0x0000000080b00000, 0x0000000080b00000|100%| O|  |TAMS 0x0000000080b00000, 0x0000000080a00000| Untracked 
|  11|0x0000000080b00000, 0x0000000080b7be00, 0x0000000080c00000| 48%| O|  |TAMS 0x0000000080b7be00, 0x0000000080b00000| Complete 
|  12|0x0000000080c00000, 0x0000000080d00000, 0x0000000080d00000|100%| O|  |TAMS 0x0000000080d00000, 0x0000000080c00000| Untracked 
|  13|0x0000000080d00000, 0x0000000080e00000, 0x0000000080e00000|100%| O|  |TAMS 0x0000000080e00000, 0x0000000080d00000| Untracked 
|  14|0x0000000080e00000, 0x0000000080f00000, 0x0000000080f00000|100%| O|  |TAMS 0x0000000080f00000, 0x0000000080e00000| Untracked 
|  15|0x0000000080f00000, 0x0000000081000000, 0x0000000081000000|100%| O|  |TAMS 0x0000000081000000, 0x0000000080f00000| Untracked 
|  16|0x0000000081000000, 0x0000000081100000, 0x0000000081100000|100%| O|  |TAMS 0x0000000081100000, 0x0000000081000000| Untracked 
|  17|0x0000000081100000, 0x0000000081200000, 0x0000000081200000|100%| O|  |TAMS 0x0000000081200000, 0x0000000081100000| Untracked 
|  18|0x0000000081200000, 0x0000000081300000, 0x0000000081300000|100%| O|  |TAMS 0x0000000081300000, 0x0000000081200000| Untracked 
|  19|0x0000000081300000, 0x0000000081400000, 0x0000000081400000|100%| O|  |TAMS 0x0000000081400000, 0x0000000081300000| Untracked 
|  20|0x0000000081400000, 0x0000000081500000, 0x0000000081500000|100%| O|  |TAMS 0x0000000081500000, 0x0000000081400000| Untracked 
|  21|0x0000000081500000, 0x0000000081600000, 0x0000000081600000|100%| O|  |TAMS 0x0000000081600000, 0x0000000081500000| Untracked 
|  22|0x0000000081600000, 0x0000000081700000, 0x0000000081700000|100%| O|  |TAMS 0x0000000081700000, 0x0000000081600000| Untracked 
|  23|0x0000000081700000, 0x0000000081800000, 0x0000000081800000|100%| O|  |TAMS 0x0000000081800000, 0x0000000081700000| Untracked 
|  24|0x0000000081800000, 0x0000000081900000, 0x0000000081900000|100%| O|  |TAMS 0x0000000081900000, 0x0000000081800000| Untracked 
|  25|0x0000000081900000, 0x0000000081a00000, 0x0000000081a00000|100%| O|  |TAMS 0x0000000081a00000, 0x0000000081900000| Untracked 
|  26|0x0000000081a00000, 0x0000000081b00000, 0x0000000081b00000|100%| O|  |TAMS 0x0000000081b00000, 0x0000000081a00000| Untracked 
|  27|0x0000000081b00000, 0x0000000081c00000, 0x0000000081c00000|100%| O|  |TAMS 0x0000000081c00000, 0x0000000081b00000| Untracked 
|  28|0x0000000081c00000, 0x0000000081d00000, 0x0000000081d00000|100%| O|  |TAMS 0x0000000081d00000, 0x0000000081c00000| Untracked 
|  29|0x0000000081d00000, 0x0000000081e00000, 0x0000000081e00000|100%| O|  |TAMS 0x0000000081e00000, 0x0000000081d00000| Untracked 
|  30|0x0000000081e00000, 0x0000000081f00000, 0x0000000081f00000|100%| O|  |TAMS 0x0000000081f00000, 0x0000000081e00000| Untracked 
|  31|0x0000000081f00000, 0x0000000082000000, 0x0000000082000000|100%| O|  |TAMS 0x0000000082000000, 0x0000000081f00000| Untracked 
|  32|0x0000000082000000, 0x0000000082100000, 0x0000000082100000|100%| O|  |TAMS 0x0000000082100000, 0x0000000082000000| Untracked 
|  33|0x0000000082100000, 0x0000000082200000, 0x0000000082200000|100%| O|  |TAMS 0x0000000082200000, 0x0000000082100000| Untracked 
|  34|0x0000000082200000, 0x0000000082300000, 0x0000000082300000|100%|HS|  |TAMS 0x0000000082300000, 0x0000000082200000| Complete 
|  35|0x0000000082300000, 0x0000000082400000, 0x0000000082400000|100%|HS|  |TAMS 0x0000000082400000, 0x0000000082300000| Complete 
|  36|0x0000000082400000, 0x0000000082500000, 0x0000000082500000|100%| O|  |TAMS 0x0000000082500000, 0x0000000082400000| Untracked 
|  37|0x0000000082500000, 0x0000000082600000, 0x0000000082600000|100%| O|  |TAMS 0x0000000082600000, 0x0000000082500000| Untracked 
|  38|0x0000000082600000, 0x0000000082700000, 0x0000000082700000|100%| O|  |TAMS 0x0000000082700000, 0x0000000082600000| Untracked 
|  39|0x0000000082700000, 0x0000000082800000, 0x0000000082800000|100%| O|  |TAMS 0x0000000082800000, 0x0000000082700000| Untracked 
|  40|0x0000000082800000, 0x0000000082900000, 0x0000000082900000|100%| O|  |TAMS 0x0000000082900000, 0x0000000082800000| Untracked 
|  41|0x0000000082900000, 0x0000000082a00000, 0x0000000082a00000|100%| O|  |TAMS 0x0000000082900000, 0x0000000082900000| Untracked 
|  42|0x0000000082a00000, 0x0000000082b00000, 0x0000000082b00000|100%| O|  |TAMS 0x0000000082b00000, 0x0000000082a00000| Untracked 
|  43|0x0000000082b00000, 0x0000000082c00000, 0x0000000082c00000|100%| O|  |TAMS 0x0000000082c00000, 0x0000000082b00000| Untracked 
|  44|0x0000000082c00000, 0x0000000082d00000, 0x0000000082d00000|100%| O|  |TAMS 0x0000000082d00000, 0x0000000082c00000| Untracked 
|  45|0x0000000082d00000, 0x0000000082e00000, 0x0000000082e00000|100%| O|  |TAMS 0x0000000082d53200, 0x0000000082d00000| Untracked 
|  46|0x0000000082e00000, 0x0000000082e00000, 0x0000000082f00000|  0%| F|  |TAMS 0x0000000082e00000, 0x0000000082e00000| Untracked 
|  47|0x0000000082f00000, 0x0000000082f00000, 0x0000000083000000|  0%| F|  |TAMS 0x0000000082f00000, 0x0000000082f00000| Untracked 
|  48|0x0000000083000000, 0x0000000083000000, 0x0000000083100000|  0%| F|  |TAMS 0x0000000083000000, 0x0000000083000000| Untracked 
|  49|0x0000000083100000, 0x0000000083100000, 0x0000000083200000|  0%| F|  |TAMS 0x0000000083100000, 0x0000000083100000| Untracked 
|  50|0x0000000083200000, 0x0000000083200000, 0x0000000083300000|  0%| F|  |TAMS 0x0000000083200000, 0x0000000083200000| Untracked 
|  51|0x0000000083300000, 0x0000000083300000, 0x0000000083400000|  0%| F|  |TAMS 0x0000000083300000, 0x0000000083300000| Untracked 
|  52|0x0000000083400000, 0x0000000083400000, 0x0000000083500000|  0%| F|  |TAMS 0x0000000083400000, 0x0000000083400000| Untracked 
|  53|0x0000000083500000, 0x0000000083500000, 0x0000000083600000|  0%| F|  |TAMS 0x0000000083500000, 0x0000000083500000| Untracked 
|  54|0x0000000083600000, 0x0000000083600000, 0x0000000083700000|  0%| F|  |TAMS 0x0000000083600000, 0x0000000083600000| Untracked 
|  55|0x0000000083700000, 0x0000000083700000, 0x0000000083800000|  0%| F|  |TAMS 0x0000000083700000, 0x0000000083700000| Untracked 
|  56|0x0000000083800000, 0x0000000083800000, 0x0000000083900000|  0%| F|  |TAMS 0x0000000083800000, 0x0000000083800000| Untracked 
|  57|0x0000000083900000, 0x0000000083900000, 0x0000000083a00000|  0%| F|  |TAMS 0x0000000083900000, 0x0000000083900000| Untracked 
|  58|0x0000000083a00000, 0x0000000083a00000, 0x0000000083b00000|  0%| F|  |TAMS 0x0000000083a00000, 0x0000000083a00000| Untracked 
|  59|0x0000000083b00000, 0x0000000083b00000, 0x0000000083c00000|  0%| F|  |TAMS 0x0000000083b00000, 0x0000000083b00000| Untracked 
|  60|0x0000000083c00000, 0x0000000083c00000, 0x0000000083d00000|  0%| F|  |TAMS 0x0000000083c00000, 0x0000000083c00000| Untracked 
|  61|0x0000000083d00000, 0x0000000083d00000, 0x0000000083e00000|  0%| F|  |TAMS 0x0000000083d00000, 0x0000000083d00000| Untracked 
|  62|0x0000000083e00000, 0x0000000083e00000, 0x0000000083f00000|  0%| F|  |TAMS 0x0000000083e00000, 0x0000000083e00000| Untracked 
|  63|0x0000000083f00000, 0x0000000083f00000, 0x0000000084000000|  0%| F|  |TAMS 0x0000000083f00000, 0x0000000083f00000| Untracked 
|  64|0x0000000084000000, 0x00000000840a5238, 0x0000000084100000| 64%| S|CS|TAMS 0x0000000084000000, 0x0000000084000000| Complete 
|  65|0x0000000084100000, 0x0000000084100000, 0x0000000084200000|  0%| F|  |TAMS 0x0000000084100000, 0x0000000084100000| Untracked 
|  66|0x0000000084200000, 0x0000000084200000, 0x0000000084300000|  0%| F|  |TAMS 0x0000000084200000, 0x0000000084200000| Untracked 
|  67|0x0000000084300000, 0x0000000084300000, 0x0000000084400000|  0%| F|  |TAMS 0x0000000084300000, 0x0000000084300000| Untracked 
|  68|0x0000000084400000, 0x0000000084400000, 0x0000000084500000|  0%| F|  |TAMS 0x0000000084400000, 0x0000000084400000| Untracked 
|  69|0x0000000084500000, 0x0000000084500000, 0x0000000084600000|  0%| F|  |TAMS 0x0000000084500000, 0x0000000084500000| Untracked 
|  70|0x0000000084600000, 0x0000000084600000, 0x0000000084700000|  0%| F|  |TAMS 0x0000000084600000, 0x0000000084600000| Untracked 
|  71|0x0000000084700000, 0x0000000084700000, 0x0000000084800000|  0%| F|  |TAMS 0x0000000084700000, 0x0000000084700000| Untracked 
|  72|0x0000000084800000, 0x00000000848a0790, 0x0000000084900000| 62%| E|  |TAMS 0x0000000084800000, 0x0000000084800000| Complete 
|  73|0x0000000084900000, 0x0000000084a00000, 0x0000000084a00000|100%| E|CS|TAMS 0x0000000084900000, 0x0000000084900000| Complete 
|  74|0x0000000084a00000, 0x0000000084b00000, 0x0000000084b00000|100%| E|CS|TAMS 0x0000000084a00000, 0x0000000084a00000| Complete 
|  76|0x0000000084c00000, 0x0000000084d00000, 0x0000000084d00000|100%| E|CS|TAMS 0x0000000084c00000, 0x0000000084c00000| Complete 
|  77|0x0000000084d00000, 0x0000000084e00000, 0x0000000084e00000|100%| E|CS|TAMS 0x0000000084d00000, 0x0000000084d00000| Complete 
|  78|0x0000000084e00000, 0x0000000084f00000, 0x0000000084f00000|100%| E|CS|TAMS 0x0000000084e00000, 0x0000000084e00000| Complete 
|  79|0x0000000084f00000, 0x0000000085000000, 0x0000000085000000|100%| E|CS|TAMS 0x0000000084f00000, 0x0000000084f00000| Complete 
|  80|0x0000000085000000, 0x0000000085100000, 0x0000000085100000|100%| E|CS|TAMS 0x0000000085000000, 0x0000000085000000| Complete 
|  81|0x0000000085100000, 0x0000000085200000, 0x0000000085200000|100%| E|CS|TAMS 0x0000000085100000, 0x0000000085100000| Complete 
|  82|0x0000000085200000, 0x0000000085300000, 0x0000000085300000|100%| E|CS|TAMS 0x0000000085200000, 0x0000000085200000| Complete 
|  83|0x0000000085300000, 0x0000000085400000, 0x0000000085400000|100%| E|CS|TAMS 0x0000000085300000, 0x0000000085300000| Complete 
| 125|0x0000000087d00000, 0x0000000087e00000, 0x0000000087e00000|100%| E|CS|TAMS 0x0000000087d00000, 0x0000000087d00000| Complete 

Card table byte_map: [0x0000019f7d7a0000,0x0000019f7dba0000] _byte_map_base: 0x0000019f7d3a0000

Marking Bits (Prev, Next): (CMBitMap*) 0x0000019f79be69e0, (CMBitMap*) 0x0000019f79be6a20
 Prev Bits: [0x0000019f7dfa0000, 0x0000019f7ffa0000)
 Next Bits: [0x0000019f0f000000, 0x0000019f11000000)

Polling page: 0x0000019f77b10000

Metaspace:

Usage:
  Non-class:     49.96 MB used.
      Class:      7.54 MB used.
       Both:     57.51 MB used.

Virtual space:
  Non-class space:       56.00 MB reserved,      50.25 MB ( 90%) committed,  7 nodes.
      Class space:        1.00 GB reserved,       7.75 MB ( <1%) committed,  1 nodes.
             Both:        1.05 GB reserved,      58.00 MB (  5%) committed. 

Chunk freelists:
   Non-Class:  1.02 MB
       Class:  256.00 KB
        Both:  1.27 MB

MaxMetaspaceSize: unlimited
CompressedClassSpaceSize: 1.00 GB
Initial GC threshold: 21.00 MB
Current GC threshold: 93.88 MB
CDS: off
MetaspaceReclaimPolicy: balanced
 - commit_granule_bytes: 65536.
 - commit_granule_words: 8192.
 - virtual_space_node_default_size: 1048576.
 - enlarge_chunks_in_place: 1.
 - new_chunks_are_fully_committed: 0.
 - uncommit_free_chunks: 1.
 - use_allocation_guard: 0.
 - handle_deallocations: 1.


Internal statistics:

num_allocs_failed_limit: 6.
num_arena_births: 508.
num_arena_deaths: 0.
num_vsnodes_births: 8.
num_vsnodes_deaths: 0.
num_space_committed: 928.
num_space_uncommitted: 0.
num_chunks_returned_to_freelist: 6.
num_chunks_taken_from_freelist: 2398.
num_chunk_merges: 6.
num_chunk_splits: 1622.
num_chunks_enlarged: 1143.
num_purges: 0.
num_inconsistent_stats: 0.

CodeHeap 'non-profiled nmethods': size=120000Kb used=2580Kb max_used=3378Kb free=117419Kb
 bounds [0x0000019f07ad0000, 0x0000019f07e20000, 0x0000019f0f000000]
CodeHeap 'profiled nmethods': size=120000Kb used=9518Kb max_used=11449Kb free=110481Kb
 bounds [0x0000019f00000000, 0x0000019f00b30000, 0x0000019f07530000]
CodeHeap 'non-nmethods': size=5760Kb used=2330Kb max_used=2373Kb free=3429Kb
 bounds [0x0000019f07530000, 0x0000019f077a0000, 0x0000019f07ad0000]
 total_blobs=5988 nmethods=5148 adapters=752
 compilation: enabled
              stopped_count=0, restarted_count=0
 full_count=0

Compilation events (20 events):
Event: 10.629 Thread 0x0000019f14437510 nmethod 5913 0x0000019f07d22890 code [0x0000019f07d22a20, 0x0000019f07d22af8]
Event: 10.629 Thread 0x0000019f14437510 5914       1       org.gradle.api.internal.provider.DefaultValueSourceProviderFactory::access$300 (5 bytes)
Event: 10.629 Thread 0x0000019f14437510 nmethod 5914 0x0000019f07d53b10 code [0x0000019f07d53ca0, 0x0000019f07d53d58]
Event: 10.630 Thread 0x0000019f14437510 5917       3       com.google.common.collect.AbstractIndexedListIterator::hasNext (17 bytes)
Event: 10.630 Thread 0x0000019f14437510 nmethod 5917 0x0000019f000b2490 code [0x0000019f000b2620, 0x0000019f000b2798]
Event: 10.630 Thread 0x0000019f14437510 5918       3       com.google.common.collect.RegularImmutableList::internalArrayEnd (6 bytes)
Event: 10.630 Thread 0x0000019f14437510 nmethod 5918 0x0000019f001d0410 code [0x0000019f001d05a0, 0x0000019f001d06b8]
Event: 10.632 Thread 0x0000019f14437510 5919       3       org.gradle.api.internal.provider.AbstractProperty::getDisplayName (16 bytes)
Event: 10.632 Thread 0x0000019f14437510 nmethod 5919 0x0000019f001eb410 code [0x0000019f001eb5a0, 0x0000019f001eb718]
Event: 10.632 Thread 0x0000019f14437510 5921       3       org.gradle.cache.Cache::get (14 bytes)
Event: 10.633 Thread 0x0000019f14437510 nmethod 5921 0x0000019f00076710 code [0x0000019f00076920, 0x0000019f00077018]
Event: 10.633 Thread 0x0000019f14437510 5922       3       org.gradle.cache.Cache$$Lambda$68/0x00000001001b97c8::<init> (10 bytes)
Event: 10.633 Thread 0x0000019f14437510 nmethod 5922 0x0000019f001f4d90 code [0x0000019f001f4f20, 0x0000019f001f50d8]
Event: 10.640 Thread 0x0000019f14434250 nmethod 5915 0x0000019f07b2e590 code [0x0000019f07b2e740, 0x0000019f07b2ee88]
Event: 10.640 Thread 0x0000019f14434250 5916       4       com.google.common.reflect.TypeResolver$TypeVariableKey::equalsTypeVariable (48 bytes)
Event: 10.645 Thread 0x0000019f14434250 nmethod 5916 0x0000019f07af8f10 code [0x0000019f07af90e0, 0x0000019f07af9578]
Event: 10.645 Thread 0x0000019f14434250 5920       4       com.google.common.reflect.TypeResolver$TypeVariableKey::hashCode (32 bytes)
Event: 10.653 Thread 0x0000019f14434250 nmethod 5920 0x0000019f07b1e290 code [0x0000019f07b1e440, 0x0000019f07b1e8e8]
Event: 10.653 Thread 0x0000019f14434250 5923       4       jdk.internal.org.objectweb.asm.MethodWriter::visitEnd (1 bytes)
Event: 10.653 Thread 0x0000019f14434250 nmethod 5923 0x0000019f07d53610 code [0x0000019f07d53780, 0x0000019f07d537f8]

GC Heap History (20 events):
Event: 5.871 GC heap before
{Heap before GC invocations=6 (full 0):
 garbage-first heap   total 68608K, used 48816K [0x0000000080000000, 0x0000000100000000)
  region size 1024K, 30 young (30720K), 4 survivors (4096K)
 Metaspace       used 34700K, committed 35072K, reserved 1081344K
  class space    used 4804K, committed 4992K, reserved 1048576K
}
Event: 5.878 GC heap after
{Heap after GC invocations=7 (full 0):
 garbage-first heap   total 68608K, used 23767K [0x0000000080000000, 0x0000000100000000)
  region size 1024K, 4 young (4096K), 4 survivors (4096K)
 Metaspace       used 34700K, committed 35072K, reserved 1081344K
  class space    used 4804K, committed 4992K, reserved 1048576K
}
Event: 6.026 GC heap before
{Heap before GC invocations=7 (full 0):
 garbage-first heap   total 68608K, used 26839K [0x0000000080000000, 0x0000000100000000)
  region size 1024K, 8 young (8192K), 4 survivors (4096K)
 Metaspace       used 35631K, committed 35968K, reserved 1081344K
  class space    used 4871K, committed 5056K, reserved 1048576K
}
Event: 6.032 GC heap after
{Heap after GC invocations=8 (full 0):
 garbage-first heap   total 68608K, used 24511K [0x0000000080000000, 0x0000000100000000)
  region size 1024K, 3 young (3072K), 3 survivors (3072K)
 Metaspace       used 35631K, committed 35968K, reserved 1081344K
  class space    used 4871K, committed 5056K, reserved 1048576K
}
Event: 6.701 GC heap before
{Heap before GC invocations=9 (full 0):
 garbage-first heap   total 68608K, used 48063K [0x0000000080000000, 0x0000000100000000)
  region size 1024K, 27 young (27648K), 3 survivors (3072K)
 Metaspace       used 40369K, committed 40704K, reserved 1089536K
  class space    used 5350K, committed 5504K, reserved 1048576K
}
Event: 6.707 GC heap after
{Heap after GC invocations=10 (full 0):
 garbage-first heap   total 82944K, used 28615K [0x0000000080000000, 0x0000000100000000)
  region size 1024K, 4 young (4096K), 4 survivors (4096K)
 Metaspace       used 40369K, committed 40704K, reserved 1089536K
  class space    used 5350K, committed 5504K, reserved 1048576K
}
Event: 7.403 GC heap before
{Heap before GC invocations=10 (full 0):
 garbage-first heap   total 82944K, used 63431K [0x0000000080000000, 0x0000000100000000)
  region size 1024K, 35 young (35840K), 4 survivors (4096K)
 Metaspace       used 42799K, committed 43136K, reserved 1089536K
  class space    used 5609K, committed 5760K, reserved 1048576K
}
Event: 7.411 GC heap after
{Heap after GC invocations=11 (full 0):
 garbage-first heap   total 82944K, used 31234K [0x0000000080000000, 0x0000000100000000)
  region size 1024K, 4 young (4096K), 4 survivors (4096K)
 Metaspace       used 42799K, committed 43136K, reserved 1089536K
  class space    used 5609K, committed 5760K, reserved 1048576K
}
Event: 8.210 GC heap before
{Heap before GC invocations=11 (full 0):
 garbage-first heap   total 82944K, used 60930K [0x0000000080000000, 0x0000000100000000)
  region size 1024K, 33 young (33792K), 4 survivors (4096K)
 Metaspace       used 47087K, committed 47488K, reserved 1097728K
  class space    used 6164K, committed 6336K, reserved 1048576K
}
Event: 8.216 GC heap after
{Heap after GC invocations=12 (full 0):
 garbage-first heap   total 82944K, used 33891K [0x0000000080000000, 0x0000000100000000)
  region size 1024K, 3 young (3072K), 3 survivors (3072K)
 Metaspace       used 47087K, committed 47488K, reserved 1097728K
  class space    used 6164K, committed 6336K, reserved 1048576K
}
Event: 8.738 GC heap before
{Heap before GC invocations=12 (full 0):
 garbage-first heap   total 82944K, used 62563K [0x0000000080000000, 0x0000000100000000)
  region size 1024K, 31 young (31744K), 3 survivors (3072K)
 Metaspace       used 50521K, committed 51008K, reserved 1097728K
  class space    used 6705K, committed 6912K, reserved 1048576K
}
Event: 8.743 GC heap after
{Heap after GC invocations=13 (full 0):
 garbage-first heap   total 82944K, used 35173K [0x0000000080000000, 0x0000000100000000)
  region size 1024K, 2 young (2048K), 2 survivors (2048K)
 Metaspace       used 50521K, committed 51008K, reserved 1097728K
  class space    used 6705K, committed 6912K, reserved 1048576K
}
Event: 9.411 GC heap before
{Heap before GC invocations=13 (full 0):
 garbage-first heap   total 82944K, used 62821K [0x0000000080000000, 0x0000000100000000)
  region size 1024K, 30 young (30720K), 2 survivors (2048K)
 Metaspace       used 51635K, committed 52032K, reserved 1097728K
  class space    used 6816K, committed 6976K, reserved 1048576K
}
Event: 9.419 GC heap after
{Heap after GC invocations=14 (full 0):
 garbage-first heap   total 82944K, used 37673K [0x0000000080000000, 0x0000000100000000)
  region size 1024K, 4 young (4096K), 4 survivors (4096K)
 Metaspace       used 51635K, committed 52032K, reserved 1097728K
  class space    used 6816K, committed 6976K, reserved 1048576K
}
Event: 9.655 GC heap before
{Heap before GC invocations=14 (full 0):
 garbage-first heap   total 82944K, used 46889K [0x0000000080000000, 0x0000000100000000)
  region size 1024K, 13 young (13312K), 4 survivors (4096K)
 Metaspace       used 51922K, committed 52352K, reserved 1097728K
  class space    used 6853K, committed 7040K, reserved 1048576K
}
Event: 9.660 GC heap after
{Heap after GC invocations=15 (full 0):
 garbage-first heap   total 82944K, used 45103K [0x0000000080000000, 0x0000000100000000)
  region size 1024K, 4 young (4096K), 4 survivors (4096K)
 Metaspace       used 51922K, committed 52352K, reserved 1097728K
  class space    used 6853K, committed 7040K, reserved 1048576K
}
Event: 10.086 GC heap before
{Heap before GC invocations=16 (full 0):
 garbage-first heap   total 82944K, used 63535K [0x0000000080000000, 0x0000000100000000)
  region size 1024K, 21 young (21504K), 4 survivors (4096K)
 Metaspace       used 54017K, committed 54464K, reserved 1097728K
  class space    used 7149K, committed 7360K, reserved 1048576K
}
Event: 10.089 GC heap after
{Heap after GC invocations=17 (full 0):
 garbage-first heap   total 82944K, used 46606K [0x0000000080000000, 0x0000000100000000)
  region size 1024K, 2 young (2048K), 2 survivors (2048K)
 Metaspace       used 54017K, committed 54464K, reserved 1097728K
  class space    used 7149K, committed 7360K, reserved 1048576K
}
Event: 10.453 GC heap before
{Heap before GC invocations=17 (full 0):
 garbage-first heap   total 82944K, used 62990K [0x0000000080000000, 0x0000000100000000)
  region size 1024K, 18 young (18432K), 2 survivors (2048K)
 Metaspace       used 56760K, committed 57216K, reserved 1105920K
  class space    used 7492K, committed 7680K, reserved 1048576K
}
Event: 10.455 GC heap after
{Heap after GC invocations=18 (full 0):
 garbage-first heap   total 82944K, used 47236K [0x0000000080000000, 0x0000000100000000)
  region size 1024K, 1 young (1024K), 1 survivors (1024K)
 Metaspace       used 56760K, committed 57216K, reserved 1105920K
  class space    used 7492K, committed 7680K, reserved 1048576K
}

Dll operation events (2 events):
Event: 0.011 Loaded shared library C:\Program Files\Android\Android Studio\jbr\bin\java.dll
Event: 0.598 Loaded shared library C:\Program Files\Android\Android Studio\jbr\bin\verify.dll

Deoptimization events (20 events):
Event: 10.227 Thread 0x0000019f155ac360 DEOPT PACKING pc=0x0000019f07c5e874 sp=0x0000008b079f7350
Event: 10.227 Thread 0x0000019f155ac360 DEOPT UNPACKING pc=0x0000019f0758a1a3 sp=0x0000008b079f7268 mode 2
Event: 10.255 Thread 0x0000019f155ac360 Uncommon trap: trap_request=0xffffffde fr.pc=0x0000019f07c5e874 relative=0x00000000000007f4
Event: 10.255 Thread 0x0000019f155ac360 Uncommon trap: reason=class_check action=maybe_recompile pc=0x0000019f07c5e874 method=java.io.BufferedInputStream.read1([BII)I @ 39 c2
Event: 10.255 Thread 0x0000019f155ac360 DEOPT PACKING pc=0x0000019f07c5e874 sp=0x0000008b079f7de0
Event: 10.255 Thread 0x0000019f155ac360 DEOPT UNPACKING pc=0x0000019f0758a1a3 sp=0x0000008b079f7cf8 mode 2
Event: 10.255 Thread 0x0000019f155ac360 Uncommon trap: trap_request=0xffffffc6 fr.pc=0x0000019f07c1965c relative=0x0000000000000c5c
Event: 10.255 Thread 0x0000019f155ac360 Uncommon trap: reason=bimorphic_or_optimized_type_check action=maybe_recompile pc=0x0000019f07c1965c method=java.util.Properties$LineReader.readLine()I @ 479 c2
Event: 10.255 Thread 0x0000019f155ac360 DEOPT PACKING pc=0x0000019f07c1965c sp=0x0000008b079f7eb0
Event: 10.255 Thread 0x0000019f155ac360 DEOPT UNPACKING pc=0x0000019f0758a1a3 sp=0x0000008b079f7e50 mode 2
Event: 10.330 Thread 0x0000019f155ac360 Uncommon trap: trap_request=0xffffff45 fr.pc=0x0000019f07d22cec relative=0x00000000000002ac
Event: 10.330 Thread 0x0000019f155ac360 Uncommon trap: reason=unstable_if action=reinterpret pc=0x0000019f07d22cec method=org.gradle.internal.instantiation.generator.AbstractClassGenerator$InjectionAnnotationValidator.validateMethod(Ljava/lang/reflect/Method;Lorg/gradle/internal/reflect/Propert
Event: 10.330 Thread 0x0000019f155ac360 DEOPT PACKING pc=0x0000019f07d22cec sp=0x0000008b079f76c0
Event: 10.330 Thread 0x0000019f155ac360 DEOPT UNPACKING pc=0x0000019f0758a1a3 sp=0x0000008b079f7688 mode 2
Event: 10.338 Thread 0x0000019f155ac360 DEOPT PACKING pc=0x0000019f00ac9df1 sp=0x0000008b079f7340
Event: 10.338 Thread 0x0000019f155ac360 DEOPT UNPACKING pc=0x0000019f0758ace3 sp=0x0000008b079f6850 mode 0
Event: 10.456 Thread 0x0000019f145d60e0 Uncommon trap: trap_request=0xffffffde fr.pc=0x0000019f07d097a8 relative=0x0000000000000488
Event: 10.456 Thread 0x0000019f145d60e0 Uncommon trap: reason=class_check action=maybe_recompile pc=0x0000019f07d097a8 method=jdk.internal.ref.PhantomCleanable.clean()V @ 12 c2
Event: 10.456 Thread 0x0000019f145d60e0 DEOPT PACKING pc=0x0000019f07d097a8 sp=0x0000008b06bff5e0
Event: 10.456 Thread 0x0000019f145d60e0 DEOPT UNPACKING pc=0x0000019f0758a1a3 sp=0x0000008b06bff5c0 mode 2

Classes unloaded (0 events):
No events

Classes redefined (0 events):
No events

Internal exceptions (20 events):
Event: 8.731 Thread 0x0000019f155ac360 Exception <a 'java/lang/NoSuchMethodError'{0x000000008357b460}: 'java.lang.Object java.lang.invoke.DirectMethodHandle$Holder.invokeStatic(java.lang.Object, java.lang.Object, java.lang.Object, java.lang.Object, java.lang.Object, java.lang.Object, java.lang.Object, java.lang.Object, java.lang.Object, java.lang.Object, java.lang.Object, java.lang.Object, java.lang.Object, java.lang.Object, java.lang.Object, java.lang.Object, java.lang.Object, java.lang.Object, java.lang.Object, java.lang.Object, java.lang.Obj
Event: 8.733 Thread 0x0000019f155ac360 Exception <a 'java/lang/NoSuchMethodError'{0x00000000835a89b8}: 'java.lang.Object java.lang.invoke.DirectMethodHandle$Holder.invokeStatic(java.lang.Object, java.lang.Object, java.lang.Object, java.lang.Object, java.lang.Object, java.lang.Object, java.lang.Object, java.lang.Object, java.lang.Object, java.lang.Object, java.lang.Object, java.lang.Object, java.lang.Object, java.lang.Object, java.lang.Object, java.lang.Object, java.lang.Object, java.lang.Object, java.lang.Object, java.lang.Object, java.lang.Obj
Event: 8.735 Thread 0x0000019f155ac360 Exception <a 'java/lang/NoSuchMethodError'{0x00000000835d7560}: 'java.lang.Object java.lang.invoke.DirectMethodHandle$Holder.invokeStatic(java.lang.Object, java.lang.Object, java.lang.Object, java.lang.Object, java.lang.Object, java.lang.Object, java.lang.Object, java.lang.Object, java.lang.Object, java.lang.Object, java.lang.Object, java.lang.Object, java.lang.Object, java.lang.Object, java.lang.Object, java.lang.Object, java.lang.Object, java.lang.Object, java.lang.Object, java.lang.Object, java.lang.Obj
Event: 9.451 Thread 0x0000019f155ac360 Exception <a 'java/lang/NoSuchMethodError'{0x0000000087dc8d28}: 'long java.lang.invoke.DirectMethodHandle$Holder.invokeVirtual(java.lang.Object, java.lang.Object)'> (0x0000000087dc8d28) 
thrown [s\src\hotspot\share\interpreter\linkResolver.cpp, line 771]
Event: 9.457 Thread 0x0000019f15fa56f0 Exception <a 'java/lang/NoSuchMethodError'{0x000000008530a930}: static Lorg/gradle/internal/build/event/types/DefaultOperationFinishedProgressEvent;.<clinit>()V> (0x000000008530a930) 
thrown [s\src\hotspot\share\prims\jni.cpp, line 1108]
Event: 9.462 Thread 0x0000019f15fa56f0 Exception <a 'java/lang/NoSuchMethodError'{0x0000000085330c28}: static Lorg/gradle/internal/build/event/types/DefaultProjectConfigurationSuccessResult;.<clinit>()V> (0x0000000085330c28) 
thrown [s\src\hotspot\share\prims\jni.cpp, line 1108]
Event: 9.462 Thread 0x0000019f15fa56f0 Exception <a 'java/lang/NoSuchMethodError'{0x0000000085331f28}: static Lorg/gradle/internal/build/event/types/AbstractProjectConfigurationResult;.<clinit>()V> (0x0000000085331f28) 
thrown [s\src\hotspot\share\prims\jni.cpp, line 1108]
Event: 9.462 Thread 0x0000019f15fa56f0 Exception <a 'java/lang/NoSuchMethodError'{0x0000000085333428}: static Lorg/gradle/internal/build/event/types/AbstractOperationResult;.<clinit>()V> (0x0000000085333428) 
thrown [s\src\hotspot\share\prims\jni.cpp, line 1108]
Event: 9.462 Thread 0x0000019f15fa56f0 Exception <a 'java/lang/NoSuchMethodError'{0x00000000853345f8}: static Lorg/gradle/internal/build/event/types/AbstractResult;.<clinit>()V> (0x00000000853345f8) 
thrown [s\src\hotspot\share\prims\jni.cpp, line 1108]
Event: 9.465 Thread 0x0000019f15fa56f0 Exception <a 'java/lang/NoSuchMethodError'{0x000000008534abd0}: static Lorg/gradle/internal/build/event/types/DefaultPluginApplicationResult;.<clinit>()V> (0x000000008534abd0) 
thrown [s\src\hotspot\share\prims\jni.cpp, line 1108]
Event: 9.466 Thread 0x0000019f15fa56f0 Exception <a 'java/lang/NoSuchMethodError'{0x00000000853be720}: static Lorg/gradle/internal/build/event/types/DefaultBinaryPluginIdentifier;.<clinit>()V> (0x00000000853be720) 
thrown [s\src\hotspot\share\prims\jni.cpp, line 1108]
Event: 9.468 Thread 0x0000019f15fa56f0 Exception <a 'java/lang/NoSuchMethodError'{0x00000000853d4d00}: static Lorg/gradle/internal/build/event/types/DefaultScriptPluginIdentifier;.<clinit>()V> (0x00000000853d4d00) 
thrown [s\src\hotspot\share\prims\jni.cpp, line 1108]
Event: 9.499 Thread 0x0000019f155ac360 Exception <a 'java/lang/ClassNotFoundException'{0x00000000853b4548}: build_6byawln7rtwf0umbnjbt7hdscBeanInfo> (0x00000000853b4548) 
thrown [s\src\hotspot\share\classfile\systemDictionary.cpp, line 256]
Event: 9.499 Thread 0x0000019f155ac360 Exception <a 'java/lang/ClassNotFoundException'{0x00000000853f1230}: build_6byawln7rtwf0umbnjbt7hdscCustomizer> (0x00000000853f1230) 
thrown [s\src\hotspot\share\classfile\systemDictionary.cpp, line 256]
Event: 9.738 Thread 0x0000019f155ac360 Exception <a 'java/lang/ClassNotFoundException'{0x00000000853d9bb8}: org/gradle/api/internal/plugins/DefaultObjectConfigurationActionBeanInfo> (0x00000000853d9bb8) 
thrown [s\src\hotspot\share\classfile\systemDictionary.cpp, line 256]
Event: 9.738 Thread 0x0000019f155ac360 Exception <a 'java/lang/ClassNotFoundException'{0x00000000853ec150}: org/gradle/api/internal/plugins/DefaultObjectConfigurationActionCustomizer> (0x00000000853ec150) 
thrown [s\src\hotspot\share\classfile\systemDictionary.cpp, line 256]
Event: 9.957 Thread 0x0000019f155ac360 Exception <a 'java/lang/NoSuchMethodError'{0x0000000084090d68}: 'java.lang.Object java.lang.invoke.DirectMethodHandle$Holder.newInvokeSpecial(java.lang.Object, java.lang.Object, java.lang.Object, java.lang.Object, int)'> (0x0000000084090d68) 
thrown [s\src\hotspot\share\interpreter\linkResolver.cpp, line 771]
Event: 9.958 Thread 0x0000019f155ac360 Exception <a 'java/lang/NoSuchMethodError'{0x0000000084095f08}: 'java.lang.Object java.lang.invoke.DirectMethodHandle$Holder.invokeSpecial(java.lang.Object, java.lang.Object, java.lang.Object, java.lang.Object, java.lang.Object, int)'> (0x0000000084095f08) 
thrown [s\src\hotspot\share\interpreter\linkResolver.cpp, line 771]
Event: 9.958 Thread 0x0000019f155ac360 Exception <a 'java/lang/NoSuchMethodError'{0x000000008409a9e0}: 'java.lang.Object java.lang.invoke.Invokers$Holder.linkToTargetMethod(java.lang.Object, java.lang.Object, java.lang.Object, int, java.lang.Object)'> (0x000000008409a9e0) 
thrown [s\src\hotspot\share\interpreter\linkResolver.cpp, line 771]
Event: 10.318 Thread 0x0000019f155ac360 Exception <a 'java/lang/NoSuchMethodError'{0x0000000084caeaa8}: 'int java.lang.invoke.DirectMethodHandle$Holder.invokeInterface(java.lang.Object, java.lang.Object, java.lang.Object, java.lang.Object)'> (0x0000000084caeaa8) 
thrown [s\src\hotspot\share\interpreter\linkResolver.cpp, line 771]

VM Operations (20 events):
Event: 9.716 Executing VM operation: G1Concurrent
Event: 9.716 Executing VM operation: G1Concurrent done
Event: 10.086 Executing VM operation: G1CollectForAllocation
Event: 10.089 Executing VM operation: G1CollectForAllocation done
Event: 10.305 Executing VM operation: HandshakeAllThreads
Event: 10.305 Executing VM operation: HandshakeAllThreads done
Event: 10.317 Executing VM operation: HandshakeAllThreads
Event: 10.317 Executing VM operation: HandshakeAllThreads done
Event: 10.453 Executing VM operation: G1CollectForAllocation
Event: 10.455 Executing VM operation: G1CollectForAllocation done
Event: 10.502 Executing VM operation: G1Concurrent
Event: 10.505 Executing VM operation: G1Concurrent done
Event: 10.530 Executing VM operation: G1Concurrent
Event: 10.531 Executing VM operation: G1Concurrent done
Event: 10.563 Executing VM operation: HandshakeAllThreads
Event: 10.564 Executing VM operation: HandshakeAllThreads done
Event: 10.579 Executing VM operation: HandshakeAllThreads
Event: 10.579 Executing VM operation: HandshakeAllThreads done
Event: 10.596 Executing VM operation: HandshakeAllThreads
Event: 10.596 Executing VM operation: HandshakeAllThreads done

Events (20 events):
Event: 10.603 Thread 0x0000019f14437f00 flushing nmethod 0x0000019f008e4b90
Event: 10.603 Thread 0x0000019f14437f00 flushing nmethod 0x0000019f008eea10
Event: 10.603 Thread 0x0000019f14437f00 flushing nmethod 0x0000019f008f8510
Event: 10.603 Thread 0x0000019f14437f00 flushing nmethod 0x0000019f00906990
Event: 10.603 Thread 0x0000019f14437f00 flushing nmethod 0x0000019f0093aa90
Event: 10.603 Thread 0x0000019f14437f00 flushing nmethod 0x0000019f00944990
Event: 10.603 Thread 0x0000019f14437f00 flushing nmethod 0x0000019f0094d210
Event: 10.603 Thread 0x0000019f14437f00 flushing nmethod 0x0000019f0094f010
Event: 10.604 Thread 0x0000019f14437f00 flushing nmethod 0x0000019f009d8710
Event: 10.604 Thread 0x0000019f14437f00 flushing nmethod 0x0000019f009d8a90
Event: 10.604 Thread 0x0000019f14437f00 flushing nmethod 0x0000019f009fc210
Event: 10.604 Thread 0x0000019f14437f00 flushing nmethod 0x0000019f00a06090
Event: 10.604 Thread 0x0000019f14437f00 flushing nmethod 0x0000019f00a0b090
Event: 10.604 Thread 0x0000019f14437f00 flushing nmethod 0x0000019f00a0ed10
Event: 10.604 Thread 0x0000019f14437f00 flushing nmethod 0x0000019f00a10210
Event: 10.604 Thread 0x0000019f14437f00 flushing nmethod 0x0000019f00aa9510
Event: 10.604 Thread 0x0000019f14437f00 flushing nmethod 0x0000019f00aae110
Event: 10.604 Thread 0x0000019f14437f00 flushing nmethod 0x0000019f00afdd90
Event: 10.649 loading class java/nio/charset/UnsupportedCharsetException
Event: 10.649 loading class java/nio/charset/UnsupportedCharsetException done


Dynamic libraries:
0x00007ff6eb5f0000 - 0x00007ff6eb5fa000 	C:\Program Files\Android\Android Studio\jbr\bin\java.exe
0x00007ffc695d0000 - 0x00007ffc697e4000 	C:\WINDOWS\SYSTEM32\ntdll.dll
0x00007ffc67670000 - 0x00007ffc67732000 	C:\WINDOWS\System32\KERNEL32.DLL
0x00007ffc66c60000 - 0x00007ffc67003000 	C:\WINDOWS\System32\KERNELBASE.dll
0x00007ffc67170000 - 0x00007ffc67281000 	C:\WINDOWS\System32\ucrtbase.dll
0x00007ffc51210000 - 0x00007ffc51227000 	C:\Program Files\Android\Android Studio\jbr\bin\jli.dll
0x00007ffc67430000 - 0x00007ffc675db000 	C:\WINDOWS\System32\USER32.dll
0x00007ffc66c30000 - 0x00007ffc66c56000 	C:\WINDOWS\System32\win32u.dll
0x00007ffc4f6d0000 - 0x00007ffc4f6eb000 	C:\Program Files\Android\Android Studio\jbr\bin\VCRUNTIME140.dll
0x00007ffc67740000 - 0x00007ffc67769000 	C:\WINDOWS\System32\GDI32.dll
0x00007ffc67290000 - 0x00007ffc673a9000 	C:\WINDOWS\System32\gdi32full.dll
0x00007ffc67010000 - 0x00007ffc670aa000 	C:\WINDOWS\System32\msvcp_win.dll
0x00007ffc45e10000 - 0x00007ffc4609e000 	C:\WINDOWS\WinSxS\amd64_microsoft.windows.common-controls_6595b64144ccf1df_6.0.22621.1635_none_270f70857386168e\COMCTL32.dll
0x00007ffc68220000 - 0x00007ffc682c7000 	C:\WINDOWS\System32\msvcrt.dll
0x00007ffc69150000 - 0x00007ffc69181000 	C:\WINDOWS\System32\IMM32.DLL
0x00007ffc5f570000 - 0x00007ffc5f57c000 	C:\Program Files\Android\Android Studio\jbr\bin\vcruntime140_1.dll
0x00007ffc296e0000 - 0x00007ffc2976d000 	C:\Program Files\Android\Android Studio\jbr\bin\msvcp140.dll
0x00007ffbc75b0000 - 0x00007ffbc821d000 	C:\Program Files\Android\Android Studio\jbr\bin\server\jvm.dll
0x00007ffc68c10000 - 0x00007ffc68cbe000 	C:\WINDOWS\System32\ADVAPI32.dll
0x00007ffc68b60000 - 0x00007ffc68c04000 	C:\WINDOWS\System32\sechost.dll
0x00007ffc69470000 - 0x00007ffc69587000 	C:\WINDOWS\System32\RPCRT4.dll
0x00007ffc5d140000 - 0x00007ffc5d174000 	C:\WINDOWS\SYSTEM32\WINMM.dll
0x00007ffc5f5c0000 - 0x00007ffc5f5c9000 	C:\WINDOWS\SYSTEM32\WSOCK32.dll
0x00007ffc675f0000 - 0x00007ffc67661000 	C:\WINDOWS\System32\WS2_32.dll
0x00007ffc58d00000 - 0x00007ffc58d0a000 	C:\WINDOWS\SYSTEM32\VERSION.dll
0x00007ffc65a20000 - 0x00007ffc65a38000 	C:\WINDOWS\SYSTEM32\kernel.appcore.dll
0x00007ffc4c170000 - 0x00007ffc4c17a000 	C:\Program Files\Android\Android Studio\jbr\bin\jimage.dll
0x00007ffc606c0000 - 0x00007ffc608ee000 	C:\WINDOWS\SYSTEM32\DBGHELP.DLL
0x00007ffc68cc0000 - 0x00007ffc69049000 	C:\WINDOWS\System32\combase.dll
0x00007ffc69190000 - 0x00007ffc69267000 	C:\WINDOWS\System32\OLEAUT32.dll
0x00007ffc4db50000 - 0x00007ffc4db82000 	C:\WINDOWS\SYSTEM32\dbgcore.DLL
0x00007ffc669d0000 - 0x00007ffc66a4b000 	C:\WINDOWS\System32\bcryptPrimitives.dll
0x00007ffc49f80000 - 0x00007ffc49fa5000 	C:\Program Files\Android\Android Studio\jbr\bin\java.dll
0x00007ffc49f60000 - 0x00007ffc49f78000 	C:\Program Files\Android\Android Studio\jbr\bin\zip.dll
0x00007ffc682d0000 - 0x00007ffc68aca000 	C:\WINDOWS\System32\SHELL32.dll
0x00007ffc64990000 - 0x00007ffc6525e000 	C:\WINDOWS\SYSTEM32\windows.storage.dll
0x00007ffc64850000 - 0x00007ffc6498e000 	C:\WINDOWS\SYSTEM32\wintypes.dll
0x00007ffc67f80000 - 0x00007ffc68071000 	C:\WINDOWS\System32\SHCORE.dll
0x00007ffc692e0000 - 0x00007ffc6933e000 	C:\WINDOWS\System32\shlwapi.dll
0x00007ffc66900000 - 0x00007ffc66921000 	C:\WINDOWS\SYSTEM32\profapi.dll
0x00007ffc49f40000 - 0x00007ffc49f59000 	C:\Program Files\Android\Android Studio\jbr\bin\net.dll
0x00007ffc5afa0000 - 0x00007ffc5b0d7000 	C:\WINDOWS\SYSTEM32\WINHTTP.dll
0x00007ffc65e90000 - 0x00007ffc65ef9000 	C:\WINDOWS\system32\mswsock.dll
0x00007ffc25e80000 - 0x00007ffc25e96000 	C:\Program Files\Android\Android Studio\jbr\bin\nio.dll
0x00007ffc40040000 - 0x00007ffc40050000 	C:\Program Files\Android\Android Studio\jbr\bin\verify.dll
0x00007ffc49d10000 - 0x00007ffc49d37000 	C:\Users\Reliance\.gradle\native\68d5fa5c4cc2d200863cafc0d521ce42e7d3e7ee720ec0a83991735586a16f82\windows-amd64\native-platform.dll
0x00007ffc264b0000 - 0x00007ffc265f4000 	C:\Users\Reliance\.gradle\native\e376f236ea51e6404a007f0833ffe2c6e607c4080706a723a18a27aeea778392\windows-amd64\native-platform-file-events.dll
0x00007ffc49f30000 - 0x00007ffc49f39000 	C:\Program Files\Android\Android Studio\jbr\bin\management.dll
0x00007ffc41480000 - 0x00007ffc4148b000 	C:\Program Files\Android\Android Studio\jbr\bin\management_ext.dll
0x00007ffc67770000 - 0x00007ffc67778000 	C:\WINDOWS\System32\PSAPI.DLL
0x00007ffc660f0000 - 0x00007ffc6610b000 	C:\WINDOWS\SYSTEM32\CRYPTSP.dll
0x00007ffc65990000 - 0x00007ffc659c5000 	C:\WINDOWS\system32\rsaenh.dll
0x00007ffc65f90000 - 0x00007ffc65fb8000 	C:\WINDOWS\SYSTEM32\USERENV.dll
0x00007ffc66290000 - 0x00007ffc662b8000 	C:\WINDOWS\SYSTEM32\bcrypt.dll
0x00007ffc66110000 - 0x00007ffc6611c000 	C:\WINDOWS\SYSTEM32\CRYPTBASE.dll
0x00007ffc654b0000 - 0x00007ffc654dd000 	C:\WINDOWS\SYSTEM32\IPHLPAPI.DLL
0x00007ffc67f70000 - 0x00007ffc67f79000 	C:\WINDOWS\System32\NSI.dll
0x00007ffc5ae70000 - 0x00007ffc5ae89000 	C:\WINDOWS\SYSTEM32\dhcpcsvc6.DLL
0x00007ffc5ad00000 - 0x00007ffc5ad1f000 	C:\WINDOWS\SYSTEM32\dhcpcsvc.DLL
0x00007ffc654e0000 - 0x00007ffc655d3000 	C:\WINDOWS\SYSTEM32\DNSAPI.dll
0x00007ffc36e10000 - 0x00007ffc36e18000 	C:\WINDOWS\system32\wshunix.dll

dbghelp: loaded successfully - version: 4.0.5 - missing functions: none
symbol engine: initialized successfully - sym options: 0x614 - pdb path: .;C:\Program Files\Android\Android Studio\jbr\bin;C:\WINDOWS\SYSTEM32;C:\WINDOWS\WinSxS\amd64_microsoft.windows.common-controls_6595b64144ccf1df_6.0.22621.1635_none_270f70857386168e;C:\Program Files\Android\Android Studio\jbr\bin\server;C:\Users\Reliance\.gradle\native\68d5fa5c4cc2d200863cafc0d521ce42e7d3e7ee720ec0a83991735586a16f82\windows-amd64;C:\Users\Reliance\.gradle\native\e376f236ea51e6404a007f0833ffe2c6e607c4080706a723a18a27aeea778392\windows-amd64

VM Arguments:
jvm_args: --add-opens=java.base/java.util=ALL-UNNAMED --add-opens=java.base/java.lang=ALL-UNNAMED --add-opens=java.base/java.lang.invoke=ALL-UNNAMED --add-opens=java.prefs/java.util.prefs=ALL-UNNAMED --add-opens=java.base/java.nio.charset=ALL-UNNAMED --add-opens=java.base/java.net=ALL-UNNAMED --add-opens=java.base/java.util.concurrent.atomic=ALL-UNNAMED -Xmx2048m -Dfile.encoding=UTF-8 -Duser.country=US -Duser.language=en -Duser.variant 
java_command: org.gradle.launcher.daemon.bootstrap.GradleDaemon 8.0
java_class_path (initial): C:\Users\Reliance\.gradle\wrapper\dists\gradle-8.0-bin\ca5e32bp14vu59qr306oxotwh\gradle-8.0\lib\gradle-launcher-8.0.jar
Launcher Type: SUN_STANDARD

[Global flags]
     intx CICompilerCount                          = 4                                         {product} {ergonomic}
     uint ConcGCThreads                            = 2                                         {product} {ergonomic}
     uint G1ConcRefinementThreads                  = 8                                         {product} {ergonomic}
   size_t G1HeapRegionSize                         = 1048576                                   {product} {ergonomic}
    uintx GCDrainStackTargetSize                   = 64                                        {product} {ergonomic}
   size_t InitialHeapSize                          = 132120576                                 {product} {ergonomic}
   size_t MarkStackSize                            = 4194304                                   {product} {ergonomic}
   size_t MaxHeapSize                              = 2147483648                                {product} {command line}
   size_t MaxNewSize                               = 1287651328                                {product} {ergonomic}
   size_t MinHeapDeltaBytes                        = 1048576                                   {product} {ergonomic}
   size_t MinHeapSize                              = 8388608                                   {product} {ergonomic}
    uintx NonNMethodCodeHeapSize                   = 5839372                                {pd product} {ergonomic}
    uintx NonProfiledCodeHeapSize                  = 122909434                              {pd product} {ergonomic}
    uintx ProfiledCodeHeapSize                     = 122909434                              {pd product} {ergonomic}
    uintx ReservedCodeCacheSize                    = 251658240                              {pd product} {ergonomic}
     bool SegmentedCodeCache                       = true                                      {product} {ergonomic}
   size_t SoftMaxHeapSize                          = 2147483648                             {manageable} {ergonomic}
     bool UseCompressedClassPointers               = true                           {product lp64_product} {ergonomic}
     bool UseCompressedOops                        = true                           {product lp64_product} {ergonomic}
     bool UseG1GC                                  = true                                      {product} {ergonomic}
     bool UseLargePagesIndividualAllocation        = false                                  {pd product} {ergonomic}

Logging:
Log output configuration:
 #0: stdout all=warning uptime,level,tags
 #1: stderr all=off uptime,level,tags

Environment Variables:
JAVA_HOME=C:\Program Files\Java\jdk-20
PATH=C:\Program Files\Common Files\Oracle\Java\javapath;B:\Program Files\Python\Python310\Scripts\;B:\Program Files\Python\Python310\;C:\WINDOWS\system32;C:\WINDOWS;C:\WINDOWS\System32\Wbem;C:\WINDOWS\System32\WindowsPowerShell\v1.0\;C:\WINDOWS\System32\OpenSSH\;B:\Program Files\MySQL\MySQL Server 8.0\bin;C:\Program Files\nodejs\;C:\Program Files\Git\cmd;C:\Program Files\Java\jdk-20\bin;C:\Program Files\MySQL\MySQL Shell 8.0\bin\;C:\Users\Reliance\AppData\Local\Programs\Python\Python36\Scripts\;C:\Users\Reliance\AppData\Local\Programs\Python\Python36\;C:\Users\Reliance\AppData\Local\Microsoft\WindowsApps;C:\Program Files (x86)\mingw-w64\i686-8.1.0-posix-dwarf-rt_v6-rev0\mingw32\bin;C:\Program Files\JetBrains\PyCharm Community Edition 2020.3.2\bin;;B:\Program Files\JetBrains\IntelliJ IDEA Community Edition 2022.1.1\bin;;C:\Users\Reliance\AppData\Local\GitHubDesktop\bin;C:\Users\Reliance\AppData\Roaming\npm;C:\Users\Reliance\AppData\Local\Programs\Microsoft VS Code\bin
USERNAME=Reliance
OS=Windows_NT
PROCESSOR_IDENTIFIER=Intel64 Family 6 Model 126 Stepping 5, GenuineIntel
TMP=C:\HTH
TEMP=c:\HTH



---------------  S Y S T E M  ---------------

OS:
 Windows 11 , 64 bit Build 22621 (10.0.22621.1778)
OS uptime: 2 days 18:17 hours

CPU: total 8 (initial active 8) (4 cores per cpu, 2 threads per core) family 6 model 126 stepping 5 microcode 0xa6, cx8, cmov, fxsr, ht, mmx, 3dnowpref, sse, sse2, sse3, ssse3, sse4.1, sse4.2, popcnt, lzcnt, tsc, tscinvbit, avx, avx2, aes, erms, clmul, bmi1, bmi2, adx, avx512f, avx512dq, avx512cd, avx512bw, avx512vl, sha, fma, vzeroupper, avx512_vpopcntdq, avx512_vpclmulqdq, avx512_vaes, avx512_vnni, clflush, clflushopt, avx512_vbmi2, avx512_vbmi

Memory: 4k page, system-wide physical 7973M (379M free)
TotalPageFile size 32549M (AvailPageFile size 5M)
current process WorkingSet (physical memory assigned to process): 260M, peak: 268M
current process commit charge ("private bytes"): 300M, peak: 306M

vm_info: OpenJDK 64-Bit Server VM (17.0.6+0-b2043.56-9586694) for windows-amd64 JRE (17.0.6+0-b2043.56-9586694), built on Feb  9 2023 20:06:20 by "androidbuild" with MS VC++ 16.10 / 16.11 (VS2019)

END.
